<?xml version="1.0" encoding="UTF-8"?>
<testsuite name="com.app.back.FileserverBackApplicationTests" tests="1" skipped="0" failures="0" errors="0" timestamp="2022-11-15T02:31:35" hostname="ingeniero-lubuntu20" time="0.777">
  <properties/>
  <testcase name="contextLoads()" classname="com.app.back.FileserverBackApplicationTests" time="0.777"/>
  <system-out><![CDATA[21:31:30.184 [Test worker] DEBUG org.springframework.test.context.BootstrapUtils - Instantiating CacheAwareContextLoaderDelegate from class [org.springframework.test.context.cache.DefaultCacheAwareContextLoaderDelegate]
21:31:30.192 [Test worker] DEBUG org.springframework.test.context.BootstrapUtils - Instantiating BootstrapContext using constructor [public org.springframework.test.context.support.DefaultBootstrapContext(java.lang.Class,org.springframework.test.context.CacheAwareContextLoaderDelegate)]
21:31:30.239 [Test worker] DEBUG org.springframework.test.context.BootstrapUtils - Instantiating TestContextBootstrapper for test class [com.app.back.FileserverBackApplicationTests] from class [org.springframework.boot.test.context.SpringBootTestContextBootstrapper]
21:31:30.251 [Test worker] INFO org.springframework.boot.test.context.SpringBootTestContextBootstrapper - Neither @ContextConfiguration nor @ContextHierarchy found for test class [com.app.back.FileserverBackApplicationTests], using SpringBootContextLoader
21:31:30.254 [Test worker] DEBUG org.springframework.test.context.support.AbstractContextLoader - Did not detect default resource location for test class [com.app.back.FileserverBackApplicationTests]: class path resource [com/app/back/FileserverBackApplicationTests-context.xml] does not exist
21:31:30.255 [Test worker] DEBUG org.springframework.test.context.support.AbstractContextLoader - Did not detect default resource location for test class [com.app.back.FileserverBackApplicationTests]: class path resource [com/app/back/FileserverBackApplicationTestsContext.groovy] does not exist
21:31:30.255 [Test worker] INFO org.springframework.test.context.support.AbstractContextLoader - Could not detect default resource locations for test class [com.app.back.FileserverBackApplicationTests]: no resource found for suffixes {-context.xml, Context.groovy}.
21:31:30.256 [Test worker] INFO org.springframework.test.context.support.AnnotationConfigContextLoaderUtils - Could not detect default configuration classes for test class [com.app.back.FileserverBackApplicationTests]: FileserverBackApplicationTests does not declare any static, non-private, non-final, nested classes annotated with @Configuration.
21:31:30.300 [Test worker] DEBUG org.springframework.test.context.support.ActiveProfilesUtils - Could not find an 'annotation declaring class' for annotation type [org.springframework.test.context.ActiveProfiles] and class [com.app.back.FileserverBackApplicationTests]
21:31:30.359 [Test worker] DEBUG org.springframework.context.annotation.ClassPathScanningCandidateComponentProvider - Identified candidate component class: file [/home/ingeniero/Documentos/angular/angular-chat/project-file-app/FileServer-2/FileserverBack/build/classes/java/main/com/app/back/FileserverBackApplication.class]
21:31:30.360 [Test worker] INFO org.springframework.boot.test.context.SpringBootTestContextBootstrapper - Found @SpringBootConfiguration com.app.back.FileserverBackApplication for test class com.app.back.FileserverBackApplicationTests
21:31:30.634 [Test worker] DEBUG org.springframework.boot.test.context.SpringBootTestContextBootstrapper - @TestExecutionListeners is not present for class [com.app.back.FileserverBackApplicationTests]: using defaults.
21:31:30.635 [Test worker] INFO org.springframework.boot.test.context.SpringBootTestContextBootstrapper - Loaded default TestExecutionListener class names from location [META-INF/spring.factories]: [org.springframework.boot.test.autoconfigure.restdocs.RestDocsTestExecutionListener, org.springframework.boot.test.autoconfigure.web.client.MockRestServiceServerResetTestExecutionListener, org.springframework.boot.test.autoconfigure.web.servlet.MockMvcPrintOnlyOnFailureTestExecutionListener, org.springframework.boot.test.autoconfigure.web.servlet.WebDriverTestExecutionListener, org.springframework.boot.test.autoconfigure.webservices.client.MockWebServiceServerTestExecutionListener, org.springframework.boot.test.mock.mockito.MockitoTestExecutionListener, org.springframework.boot.test.mock.mockito.ResetMocksTestExecutionListener, org.springframework.test.context.web.ServletTestExecutionListener, org.springframework.test.context.support.DirtiesContextBeforeModesTestExecutionListener, org.springframework.test.context.event.ApplicationEventsTestExecutionListener, org.springframework.test.context.support.DependencyInjectionTestExecutionListener, org.springframework.test.context.support.DirtiesContextTestExecutionListener, org.springframework.test.context.transaction.TransactionalTestExecutionListener, org.springframework.test.context.jdbc.SqlScriptsTestExecutionListener, org.springframework.test.context.event.EventPublishingTestExecutionListener]
21:31:30.644 [Test worker] DEBUG org.springframework.boot.test.context.SpringBootTestContextBootstrapper - Skipping candidate TestExecutionListener [org.springframework.test.context.web.ServletTestExecutionListener] due to a missing dependency. Specify custom listener classes or make the default listener classes and their required dependencies available. Offending class: [javax/servlet/ServletContext]
21:31:30.649 [Test worker] INFO org.springframework.boot.test.context.SpringBootTestContextBootstrapper - Using TestExecutionListeners: [org.springframework.test.context.support.DirtiesContextBeforeModesTestExecutionListener@36546a22, org.springframework.test.context.event.ApplicationEventsTestExecutionListener@285c08c8, org.springframework.boot.test.mock.mockito.MockitoTestExecutionListener@295eaa7c, org.springframework.boot.test.autoconfigure.SpringBootDependencyInjectionTestExecutionListener@3918c187, org.springframework.test.context.support.DirtiesContextTestExecutionListener@2c88b9fc, org.springframework.test.context.transaction.TransactionalTestExecutionListener@64dafeed, org.springframework.test.context.jdbc.SqlScriptsTestExecutionListener@388ba540, org.springframework.test.context.event.EventPublishingTestExecutionListener@47605f2f, org.springframework.boot.test.autoconfigure.restdocs.RestDocsTestExecutionListener@2ece4966, org.springframework.boot.test.autoconfigure.web.client.MockRestServiceServerResetTestExecutionListener@1dd0e7c4, org.springframework.boot.test.autoconfigure.web.servlet.MockMvcPrintOnlyOnFailureTestExecutionListener@7894f09b, org.springframework.boot.test.autoconfigure.web.servlet.WebDriverTestExecutionListener@3d484181, org.springframework.boot.test.autoconfigure.webservices.client.MockWebServiceServerTestExecutionListener@6111ba37, org.springframework.boot.test.mock.mockito.ResetMocksTestExecutionListener@7be58f16]
21:31:30.654 [Test worker] DEBUG org.springframework.test.context.support.AbstractDirtiesContextTestExecutionListener - Before test class: context [DefaultTestContext@2bef51f2 testClass = FileserverBackApplicationTests, testInstance = [null], testMethod = [null], testException = [null], mergedContextConfiguration = [ReactiveWebMergedContextConfiguration@650eab8 testClass = FileserverBackApplicationTests, locations = '{}', classes = '{class com.app.back.FileserverBackApplication}', contextInitializerClasses = '[]', activeProfiles = '{}', propertySourceLocations = '{}', propertySourceProperties = '{org.springframework.boot.test.context.SpringBootTestContextBootstrapper=true}', contextCustomizers = set[org.springframework.boot.test.autoconfigure.actuate.metrics.MetricsExportContextCustomizerFactory$DisableMetricExportContextCustomizer@19c65cdc, org.springframework.boot.test.autoconfigure.properties.PropertyMappingContextCustomizer@0, org.springframework.boot.test.autoconfigure.web.servlet.WebDriverContextCustomizerFactory$Customizer@2c78d320, org.springframework.boot.test.context.filter.ExcludeFilterContextCustomizer@6cc558c6, org.springframework.boot.test.json.DuplicateJsonObjectContextCustomizerFactory$DuplicateJsonObjectContextCustomizer@7c8c9a05, org.springframework.boot.test.mock.mockito.MockitoContextCustomizer@0, org.springframework.boot.test.web.client.TestRestTemplateContextCustomizer@3b7d3a38, org.springframework.boot.test.web.reactive.server.WebTestClientContextCustomizer@512baff6, org.springframework.boot.test.context.SpringBootTestArgs@1, org.springframework.boot.test.context.SpringBootTestWebEnvironment@37271612], contextLoader = 'org.springframework.boot.test.context.SpringBootContextLoader', parent = [null]], attributes = map[[empty]]], class annotated with @DirtiesContext [false] with mode [null].
21:31:30.680 [Test worker] DEBUG org.springframework.test.context.support.DependencyInjectionTestExecutionListener - Performing dependency injection for test context [[DefaultTestContext@2bef51f2 testClass = FileserverBackApplicationTests, testInstance = com.app.back.FileserverBackApplicationTests@31e75d13, testMethod = [null], testException = [null], mergedContextConfiguration = [ReactiveWebMergedContextConfiguration@650eab8 testClass = FileserverBackApplicationTests, locations = '{}', classes = '{class com.app.back.FileserverBackApplication}', contextInitializerClasses = '[]', activeProfiles = '{}', propertySourceLocations = '{}', propertySourceProperties = '{org.springframework.boot.test.context.SpringBootTestContextBootstrapper=true}', contextCustomizers = set[org.springframework.boot.test.autoconfigure.actuate.metrics.MetricsExportContextCustomizerFactory$DisableMetricExportContextCustomizer@19c65cdc, org.springframework.boot.test.autoconfigure.properties.PropertyMappingContextCustomizer@0, org.springframework.boot.test.autoconfigure.web.servlet.WebDriverContextCustomizerFactory$Customizer@2c78d320, org.springframework.boot.test.context.filter.ExcludeFilterContextCustomizer@6cc558c6, org.springframework.boot.test.json.DuplicateJsonObjectContextCustomizerFactory$DuplicateJsonObjectContextCustomizer@7c8c9a05, org.springframework.boot.test.mock.mockito.MockitoContextCustomizer@0, org.springframework.boot.test.web.client.TestRestTemplateContextCustomizer@3b7d3a38, org.springframework.boot.test.web.reactive.server.WebTestClientContextCustomizer@512baff6, org.springframework.boot.test.context.SpringBootTestArgs@1, org.springframework.boot.test.context.SpringBootTestWebEnvironment@37271612], contextLoader = 'org.springframework.boot.test.context.SpringBootContextLoader', parent = [null]], attributes = map['org.springframework.test.context.event.ApplicationEventsTestExecutionListener.recordApplicationEvents' -> false]]].

  .   ____          _            __ _ _
 /\\ / ___'_ __ _ _(_)_ __  __ _ \ \ \ \
( ( )\___ | '_ | '_| | '_ \/ _` | \ \ \ \
 \\/  ___)| |_)| | | | | || (_| |  ) ) ) )
  '  |____| .__|_| |_|_| |_\__, | / / / /
 =========|_|==============|___/=/_/_/_/
 :: Spring Boot ::                (v2.7.4)

2022-11-14 21:31:31.267  INFO 11109 --- [    Test worker] c.a.back.FileserverBackApplicationTests  : Starting FileserverBackApplicationTests using Java 17.0.3.1 on ingeniero-lubuntu20 with PID 11109 (started by ingeniero in /home/ingeniero/Documentos/angular/angular-chat/project-file-app/FileServer-2/FileserverBack)
2022-11-14 21:31:31.268  INFO 11109 --- [    Test worker] c.a.back.FileserverBackApplicationTests  : No active profile set, falling back to 1 default profile: "default"
2022-11-14 21:31:32.303  INFO 11109 --- [    Test worker] .s.d.r.c.RepositoryConfigurationDelegate : Bootstrapping Spring Data Reactive MongoDB repositories in DEFAULT mode.
2022-11-14 21:31:32.565  INFO 11109 --- [    Test worker] .s.d.r.c.RepositoryConfigurationDelegate : Finished Spring Data repository scanning in 254 ms. Found 1 Reactive MongoDB repository interfaces.
2022-11-14 21:31:33.485  INFO 11109 --- [    Test worker] org.mongodb.driver.client                : MongoClient with metadata {"driver": {"name": "mongo-java-driver|reactive-streams|spring-boot", "version": "4.6.1"}, "os": {"type": "Linux", "name": "Linux", "architecture": "amd64", "version": "5.13.0-48-generic"}, "platform": "Java/Oracle Corporation/17.0.3.1+2-LTS-6"} created with settings MongoClientSettings{readPreference=primary, writeConcern=WriteConcern{w=null, wTimeout=null ms, journal=null}, retryWrites=true, retryReads=true, readConcern=ReadConcern{level=null}, credential=MongoCredential{mechanism=null, userName='devuser', source='admin', password=<hidden>, mechanismProperties=<hidden>}, streamFactoryFactory=NettyStreamFactoryFactory{eventLoopGroup=io.netty.channel.nio.NioEventLoopGroup@7fedb795, socketChannelClass=class io.netty.channel.socket.nio.NioSocketChannel, allocator=PooledByteBufAllocator(directByDefault: true), sslContext=null}, commandListeners=[], codecRegistry=ProvidersCodecRegistry{codecProviders=[ValueCodecProvider{}, BsonValueCodecProvider{}, DBRefCodecProvider{}, DBObjectCodecProvider{}, DocumentCodecProvider{}, IterableCodecProvider{}, MapCodecProvider{}, GeoJsonCodecProvider{}, GridFSFileCodecProvider{}, Jsr310CodecProvider{}, JsonObjectCodecProvider{}, BsonCodecProvider{}, EnumCodecProvider{}, com.mongodb.Jep395RecordCodecProvider@10850d17]}, clusterSettings={hosts=[74.207.224.64:27017], srvServiceName=mongodb, mode=SINGLE, requiredClusterType=UNKNOWN, requiredReplicaSetName='null', serverSelector='null', clusterListeners='[]', serverSelectionTimeout='30000 ms', localThreshold='30000 ms'}, socketSettings=SocketSettings{connectTimeoutMS=10000, readTimeoutMS=0, receiveBufferSize=0, sendBufferSize=0}, heartbeatSocketSettings=SocketSettings{connectTimeoutMS=10000, readTimeoutMS=10000, receiveBufferSize=0, sendBufferSize=0}, connectionPoolSettings=ConnectionPoolSettings{maxSize=100, minSize=0, maxWaitTimeMS=120000, maxConnectionLifeTimeMS=0, maxConnectionIdleTimeMS=0, maintenanceInitialDelayMS=0, maintenanceFrequencyMS=60000, connectionPoolListeners=[], maxConnecting=2}, serverSettings=ServerSettings{heartbeatFrequencyMS=10000, minHeartbeatFrequencyMS=500, serverListeners='[]', serverMonitorListeners='[]'}, sslSettings=SslSettings{enabled=false, invalidHostNameAllowed=false, context=null}, applicationName='null', compressorList=[], uuidRepresentation=JAVA_LEGACY, serverApi=null, autoEncryptionSettings=null, contextProvider=null}
2022-11-14 21:31:33.938  INFO 11109 --- [07.224.64:27017] org.mongodb.driver.connection            : Opened connection [connectionId{localValue:2, serverValue:3104883}] to 74.207.224.64:27017
2022-11-14 21:31:33.940  INFO 11109 --- [07.224.64:27017] org.mongodb.driver.connection            : Opened connection [connectionId{localValue:1, serverValue:3104884}] to 74.207.224.64:27017
2022-11-14 21:31:33.941  INFO 11109 --- [07.224.64:27017] org.mongodb.driver.cluster               : Monitor thread successfully connected to server with description ServerDescription{address=74.207.224.64:27017, type=STANDALONE, state=CONNECTED, ok=true, minWireVersion=0, maxWireVersion=9, maxDocumentSize=16777216, logicalSessionTimeoutMinutes=30, roundTripTimeNanos=266695930}
2022-11-14 21:31:35.258  INFO 11109 --- [    Test worker] c.a.back.FileserverBackApplicationTests  : Started FileserverBackApplicationTests in 4.539 seconds (JVM running for 6.123)
]]></system-out>
  <system-err><![CDATA[]]></system-err>
</testsuite>
